<?xml version="1.0" encoding="UTF-8"?>
<!-- Generated by org.testng.reporters.JUnitXMLReporter -->
<testsuite ignored="0" hostname="IN-G7HFZH3" failures="0" tests="60" name="PetAPI" time="80.86" errors="0" timestamp="2023-10-17T14:02:21 IST">
  <testcase classname="api.test.DDTTestCase" name="CreateUserTC" time="2.675"/>
  <testcase classname="api.test.DDTTestCase" name="CreateUserTC" time="1.404"/>
  <testcase classname="api.test.DDTTestCase" name="CreateUserTC" time="1.197"/>
  <testcase classname="api.test.DDTTestCase" name="CreateUserTC" time="1.222"/>
  <testcase classname="api.test.DDTTestCase" name="CreateUserTC" time="1.2"/>
  <testcase classname="api.test.DDTTestCase" name="CreateUserTC" time="1.26"/>
  <testcase classname="api.test.DDTTestCase" name="CreateUserTC" time="1.205"/>
  <testcase classname="api.test.DDTTestCase" name="CreateUserTC" time="1.373"/>
  <testcase classname="api.test.DDTTestCase" name="CreateUserTC" time="1.18"/>
  <testcase classname="api.test.DDTTestCase" name="CreateUserTC" time="1.272"/>
  <testcase classname="api.test.DDTTestCase" name="CreateUserTC" time="1.261"/>
  <testcase classname="api.test.DDTTestCase" name="CreateUserTC" time="1.335"/>
  <testcase classname="api.test.DDTTestCase" name="CreateUserTC" time="1.301"/>
  <testcase classname="api.test.DDTTestCase" name="CreateUserTC" time="1.221"/>
  <testcase classname="api.test.DDTTestCase" name="CreateUserTC" time="1.28"/>
  <testcase classname="api.test.DDTTestCase" name="CreateUserTC" time="1.269"/>
  <testcase classname="api.test.DDTTestCase" name="CreateUserTC" time="1.25"/>
  <testcase classname="api.test.DDTTestCase" name="CreateUserTC" time="1.178"/>
  <testcase classname="api.test.DDTTestCase" name="CreateUserTC" time="1.314"/>
  <testcase classname="api.test.DDTTestCase" name="CreateUserTC" time="1.285"/>
  <testcase classname="api.test.DDTTestCase" name="GetUserTC" time="1.319"/>
  <testcase classname="api.test.DDTTestCase" name="GetUserTC" time="1.292"/>
  <testcase classname="api.test.DDTTestCase" name="GetUserTC" time="1.296"/>
  <testcase classname="api.test.DDTTestCase" name="GetUserTC" time="1.294"/>
  <testcase classname="api.test.DDTTestCase" name="GetUserTC" time="1.39"/>
  <testcase classname="api.test.DDTTestCase" name="GetUserTC" time="1.255"/>
  <testcase classname="api.test.DDTTestCase" name="GetUserTC" time="1.25"/>
  <testcase classname="api.test.DDTTestCase" name="GetUserTC" time="1.259"/>
  <testcase classname="api.test.DDTTestCase" name="GetUserTC" time="1.181"/>
  <testcase classname="api.test.DDTTestCase" name="GetUserTC" time="1.223"/>
  <testcase classname="api.test.DDTTestCase" name="GetUserTC" time="1.238"/>
  <testcase classname="api.test.DDTTestCase" name="GetUserTC" time="1.224"/>
  <testcase classname="api.test.DDTTestCase" name="GetUserTC" time="1.204"/>
  <testcase classname="api.test.DDTTestCase" name="GetUserTC" time="1.22"/>
  <testcase classname="api.test.DDTTestCase" name="GetUserTC" time="1.292"/>
  <testcase classname="api.test.DDTTestCase" name="GetUserTC" time="1.186"/>
  <testcase classname="api.test.DDTTestCase" name="GetUserTC" time="1.229"/>
  <testcase classname="api.test.DDTTestCase" name="GetUserTC" time="1.278"/>
  <testcase classname="api.test.DDTTestCase" name="GetUserTC" time="1.286"/>
  <testcase classname="api.test.DDTTestCase" name="GetUserTC" time="1.245"/>
  <testcase classname="api.test.DDTTestCase" name="DeleteUserTC" time="1.291"/>
  <testcase classname="api.test.DDTTestCase" name="DeleteUserTC" time="1.219"/>
  <testcase classname="api.test.DDTTestCase" name="DeleteUserTC" time="1.246"/>
  <testcase classname="api.test.DDTTestCase" name="DeleteUserTC" time="1.2"/>
  <testcase classname="api.test.DDTTestCase" name="DeleteUserTC" time="1.25"/>
  <testcase classname="api.test.DDTTestCase" name="DeleteUserTC" time="1.184"/>
  <testcase classname="api.test.DDTTestCase" name="DeleteUserTC" time="1.26"/>
  <testcase classname="api.test.DDTTestCase" name="DeleteUserTC" time="1.247"/>
  <testcase classname="api.test.DDTTestCase" name="DeleteUserTC" time="1.346"/>
  <testcase classname="api.test.DDTTestCase" name="DeleteUserTC" time="1.181"/>
  <testcase classname="api.test.DDTTestCase" name="DeleteUserTC" time="1.245"/>
  <testcase classname="api.test.DDTTestCase" name="DeleteUserTC" time="1.192"/>
  <testcase classname="api.test.DDTTestCase" name="DeleteUserTC" time="1.191"/>
  <testcase classname="api.test.DDTTestCase" name="DeleteUserTC" time="1.288"/>
  <testcase classname="api.test.DDTTestCase" name="DeleteUserTC" time="1.306"/>
  <testcase classname="api.test.DDTTestCase" name="DeleteUserTC" time="1.253"/>
  <testcase classname="api.test.DDTTestCase" name="DeleteUserTC" time="1.28"/>
  <testcase classname="api.test.DDTTestCase" name="DeleteUserTC" time="1.18"/>
  <testcase classname="api.test.DDTTestCase" name="DeleteUserTC" time="1.187"/>
  <testcase classname="api.test.DDTTestCase" name="DeleteUserTC" time="1.237"/>
</testsuite> <!-- PetAPI -->
