<?xml version="1.0" encoding="UTF-8"?>
<testsuite xmlns:xsi="http://www.w3.org/2001/XMLSchema-instance" xsi:noNamespaceSchemaLocation="https://maven.apache.org/surefire/maven-surefire-plugin/xsd/surefire-test-report-3.0.xsd" version="3.0" name="TestSuite" time="78.921" tests="60" errors="0" skipped="0" failures="0">
  <properties>
[...]
</properties>
  <testcase name="CreateUserTC[11289001, harry@kane, Harry, Kane, Harrykane@spurs.com, H@K098, 8273657721, 1](1)" classname="api.test.DDTTestCase" time="2.447">
    <system-err><![CDATA[SLF4J: Failed to load class "org.slf4j.impl.StaticLoggerBinder".
SLF4J: Defaulting to no-operation (NOP) logger implementation
SLF4J: See http://www.slf4j.org/codes.html#StaticLoggerBinder for further details.
]]></system-err>
  </testcase>
  <testcase name="CreateUserTC[11289002, MarcusKing, Marcus, Rashford, MarcusK@Munited.com, M@K9123, 7986210917, 1](2)" classname="api.test.DDTTestCase" time="1.17"/>
  <testcase name="CreateUserTC[11289003, CR7Portugal, Cristiano, Ronaldo, RonaldoCR7@CR7.com, CR@7goat, 9876453291, 1](3)" classname="api.test.DDTTestCase" time="1.218"/>
  <testcase name="CreateUserTC[11289004, KobeyBryan, Kobey, Bryan, RipKobey@Bryan.com, KobeyKing, 8725671291, 1](4)" classname="api.test.DDTTestCase" time="1.319"/>
  <testcase name="CreateUserTC[11289005, MikeBoxer, Mike, Tyson, TysonMike@box.com, BoxMikeTy, 7665909012, 0](5)" classname="api.test.DDTTestCase" time="1.185"/>
  <testcase name="CreateUserTC[11289006, KingKohli, Virat, Kohli, ViratKolhi@711.com, ViratKolhi, 8273619918, 1](6)" classname="api.test.DDTTestCase" time="1.197"/>
  <testcase name="CreateUserTC[11289007, TheHitman, Rohit, Sharma, RohitSharma@MI.com, Vadapaw, 9897860021, 0](7)" classname="api.test.DDTTestCase" time="1.221"/>
  <testcase name="CreateUserTC[11289008, MrIPL, Suresh, Raina, Raina@CSK.com, YellowLove, 9126678901, 0](8)" classname="api.test.DDTTestCase" time="1.22"/>
  <testcase name="CreateUserTC[11289009, SuplaShot, Surya, Kumar Yadav, SKY@MI.com, SuplaSurya, 8789002090, 1](9)" classname="api.test.DDTTestCase" time="1.225"/>
  <testcase name="CreateUserTC[11289010, TheGoatWK, Mahendra, Dhoni, Mahi@CSK.com, Farmingislove, 9890765521, 0](10)" classname="api.test.DDTTestCase" time="1.201"/>
  <testcase name="CreateUserTC[11289011, JimmyJammy, Jimmy, Anderson, JimmyJ@ECB.com, Playtilllife, 6571209817, 0](11)" classname="api.test.DDTTestCase" time="1.196"/>
  <testcase name="CreateUserTC[11289012, PrinceGJ, Subhman, Gill, Shubh@GL.com, Saramylife, 7621239012, 1](12)" classname="api.test.DDTTestCase" time="1.229"/>
  <testcase name="CreateUserTC[11289013, SoftCushion, Neymar, Jr, NeymarJr@Alhilal.com, Rainbowking, 8276543300, 0](13)" classname="api.test.DDTTestCase" time="1.195"/>
  <testcase name="CreateUserTC[11289014, Ackerman, Sasha, Alexander, S1mple@Navi.com, Sasha01, 8090651101, 1](14)" classname="api.test.DDTTestCase" time="1.185"/>
  <testcase name="CreateUserTC[11289015, TheHM, Amit, Shah, HM@goi.com, Ilovemyindia, 8982567700, 1](15)" classname="api.test.DDTTestCase" time="1.227"/>
  <testcase name="CreateUserTC[11289016, DragonRider, Daneryns, Targaren, Theunburnt@GOT.com, Johnsnowiscute, 6712320115, 0](16)" classname="api.test.DDTTestCase" time="1.178"/>
  <testcase name="CreateUserTC[11289017, idontCheat, Steven, Smith, SteveSm@ACB.com, SrryMB, 8980030021, 1](17)" classname="api.test.DDTTestCase" time="1.227"/>
  <testcase name="CreateUserTC[11289018, Rock, Dwayne, Jhonson, Rock@WWE.com, rockBottom, 6214321241, 0](18)" classname="api.test.DDTTestCase" time="1.235"/>
  <testcase name="CreateUserTC[11289019, Namo, Narendra, Modi, Namo@BJP.com, Namo4Ind, 9021127616, 1](19)" classname="api.test.DDTTestCase" time="1.263"/>
  <testcase name="CreateUserTC[11289020, Batman, Bruce, Wayne, Bruceisrich@Gotham.com, BruceWay01, 9899999102, 1](20)" classname="api.test.DDTTestCase" time="1.241"/>
  <testcase name="GetUserTC[harry@kane](1)" classname="api.test.DDTTestCase" time="1.212"/>
  <testcase name="GetUserTC[MarcusKing](2)" classname="api.test.DDTTestCase" time="1.236"/>
  <testcase name="GetUserTC[CR7Portugal](3)" classname="api.test.DDTTestCase" time="1.166"/>
  <testcase name="GetUserTC[KobeyBryan](4)" classname="api.test.DDTTestCase" time="1.239"/>
  <testcase name="GetUserTC[MikeBoxer](5)" classname="api.test.DDTTestCase" time="1.277"/>
  <testcase name="GetUserTC[KingKohli](6)" classname="api.test.DDTTestCase" time="1.19"/>
  <testcase name="GetUserTC[TheHitman](7)" classname="api.test.DDTTestCase" time="1.186"/>
  <testcase name="GetUserTC[MrIPL](8)" classname="api.test.DDTTestCase" time="1.215"/>
  <testcase name="GetUserTC[SuplaShot](9)" classname="api.test.DDTTestCase" time="1.242"/>
  <testcase name="GetUserTC[TheGoatWK](10)" classname="api.test.DDTTestCase" time="1.172"/>
  <testcase name="GetUserTC[JimmyJammy](11)" classname="api.test.DDTTestCase" time="1.2"/>
  <testcase name="GetUserTC[PrinceGJ](12)" classname="api.test.DDTTestCase" time="1.322"/>
  <testcase name="GetUserTC[SoftCushion](13)" classname="api.test.DDTTestCase" time="1.224"/>
  <testcase name="GetUserTC[Ackerman](14)" classname="api.test.DDTTestCase" time="1.195"/>
  <testcase name="GetUserTC[TheHM](15)" classname="api.test.DDTTestCase" time="1.212"/>
  <testcase name="GetUserTC[DragonRider](16)" classname="api.test.DDTTestCase" time="1.218"/>
  <testcase name="GetUserTC[idontCheat](17)" classname="api.test.DDTTestCase" time="1.245"/>
  <testcase name="GetUserTC[Rock](18)" classname="api.test.DDTTestCase" time="1.208"/>
  <testcase name="GetUserTC[Namo](19)" classname="api.test.DDTTestCase" time="1.219"/>
  <testcase name="GetUserTC[Batman](20)" classname="api.test.DDTTestCase" time="1.213"/>
  <testcase name="DeleteUserTC[harry@kane](1)" classname="api.test.DDTTestCase" time="1.191"/>
  <testcase name="DeleteUserTC[MarcusKing](2)" classname="api.test.DDTTestCase" time="1.275"/>
  <testcase name="DeleteUserTC[CR7Portugal](3)" classname="api.test.DDTTestCase" time="1.226"/>
  <testcase name="DeleteUserTC[KobeyBryan](4)" classname="api.test.DDTTestCase" time="1.222"/>
  <testcase name="DeleteUserTC[MikeBoxer](5)" classname="api.test.DDTTestCase" time="1.219"/>
  <testcase name="DeleteUserTC[KingKohli](6)" classname="api.test.DDTTestCase" time="1.189"/>
  <testcase name="DeleteUserTC[TheHitman](7)" classname="api.test.DDTTestCase" time="1.194"/>
  <testcase name="DeleteUserTC[MrIPL](8)" classname="api.test.DDTTestCase" time="1.226"/>
  <testcase name="DeleteUserTC[SuplaShot](9)" classname="api.test.DDTTestCase" time="1.21"/>
  <testcase name="DeleteUserTC[TheGoatWK](10)" classname="api.test.DDTTestCase" time="1.187"/>
  <testcase name="DeleteUserTC[JimmyJammy](11)" classname="api.test.DDTTestCase" time="1.243"/>
  <testcase name="DeleteUserTC[PrinceGJ](12)" classname="api.test.DDTTestCase" time="1.201"/>
  <testcase name="DeleteUserTC[SoftCushion](13)" classname="api.test.DDTTestCase" time="1.214"/>
  <testcase name="DeleteUserTC[Ackerman](14)" classname="api.test.DDTTestCase" time="1.236"/>
  <testcase name="DeleteUserTC[TheHM](15)" classname="api.test.DDTTestCase" time="1.209"/>
  <testcase name="DeleteUserTC[DragonRider](16)" classname="api.test.DDTTestCase" time="1.234"/>
  <testcase name="DeleteUserTC[idontCheat](17)" classname="api.test.DDTTestCase" time="1.241"/>
  <testcase name="DeleteUserTC[Rock](18)" classname="api.test.DDTTestCase" time="1.185"/>
  <testcase name="DeleteUserTC[Namo](19)" classname="api.test.DDTTestCase" time="1.236"/>
  <testcase name="DeleteUserTC[Batman](20)" classname="api.test.DDTTestCase" time="1.211"/>
</testsuite>