<?xml version="1.0" encoding="UTF-8"?>
<testng-results ignored="0" total="1" passed="1" failed="0" skipped="0">
  <reporter-output>
  </reporter-output>
  <suite started-at="2023-10-17T19:10:40 IST" name="Default suite" finished-at="2023-10-17T19:10:42 IST" duration-ms="2168">
    <groups>
    </groups>
    <test started-at="2023-10-17T19:10:40 IST" name="Default test" finished-at="2023-10-17T19:10:42 IST" duration-ms="2168">
      <class name="testPackage.TestClass">
        <test-method signature="getUser()[pri:0, instance:testPackage.TestClass@201a4587]" started-at="2023-10-17T19:10:40 IST" name="getUser" finished-at="2023-10-17T19:10:42 IST" duration-ms="2138" status="PASS">
          <reporter-output>
          </reporter-output>
        </test-method> <!-- getUser -->
      </class> <!-- testPackage.TestClass -->
    </test> <!-- Default test -->
  </suite> <!-- Default suite -->
</testng-results>
