<?xml version="1.0" encoding="UTF-8"?>
<!-- Generated by org.testng.reporters.JUnitXMLReporter -->
<testsuite ignored="0" hostname="IN-G7HFZH3" failures="0" tests="60" name="PetAPI" time="77.957" errors="0" timestamp="2023-10-19T00:11:32 IST">
  <testcase classname="api.test.DDTTestCase" name="CreateUserTC" time="2.44"/>
  <testcase classname="api.test.DDTTestCase" name="CreateUserTC" time="1.17"/>
  <testcase classname="api.test.DDTTestCase" name="CreateUserTC" time="1.217"/>
  <testcase classname="api.test.DDTTestCase" name="CreateUserTC" time="1.317"/>
  <testcase classname="api.test.DDTTestCase" name="CreateUserTC" time="1.185"/>
  <testcase classname="api.test.DDTTestCase" name="CreateUserTC" time="1.196"/>
  <testcase classname="api.test.DDTTestCase" name="CreateUserTC" time="1.219"/>
  <testcase classname="api.test.DDTTestCase" name="CreateUserTC" time="1.219"/>
  <testcase classname="api.test.DDTTestCase" name="CreateUserTC" time="1.225"/>
  <testcase classname="api.test.DDTTestCase" name="CreateUserTC" time="1.201"/>
  <testcase classname="api.test.DDTTestCase" name="CreateUserTC" time="1.195"/>
  <testcase classname="api.test.DDTTestCase" name="CreateUserTC" time="1.229"/>
  <testcase classname="api.test.DDTTestCase" name="CreateUserTC" time="1.194"/>
  <testcase classname="api.test.DDTTestCase" name="CreateUserTC" time="1.185"/>
  <testcase classname="api.test.DDTTestCase" name="CreateUserTC" time="1.227"/>
  <testcase classname="api.test.DDTTestCase" name="CreateUserTC" time="1.177"/>
  <testcase classname="api.test.DDTTestCase" name="CreateUserTC" time="1.226"/>
  <testcase classname="api.test.DDTTestCase" name="CreateUserTC" time="1.235"/>
  <testcase classname="api.test.DDTTestCase" name="CreateUserTC" time="1.263"/>
  <testcase classname="api.test.DDTTestCase" name="CreateUserTC" time="1.24"/>
  <testcase classname="api.test.DDTTestCase" name="GetUserTC" time="1.212"/>
  <testcase classname="api.test.DDTTestCase" name="GetUserTC" time="1.235"/>
  <testcase classname="api.test.DDTTestCase" name="GetUserTC" time="1.167"/>
  <testcase classname="api.test.DDTTestCase" name="GetUserTC" time="1.239"/>
  <testcase classname="api.test.DDTTestCase" name="GetUserTC" time="1.275"/>
  <testcase classname="api.test.DDTTestCase" name="GetUserTC" time="1.189"/>
  <testcase classname="api.test.DDTTestCase" name="GetUserTC" time="1.185"/>
  <testcase classname="api.test.DDTTestCase" name="GetUserTC" time="1.214"/>
  <testcase classname="api.test.DDTTestCase" name="GetUserTC" time="1.24"/>
  <testcase classname="api.test.DDTTestCase" name="GetUserTC" time="1.17"/>
  <testcase classname="api.test.DDTTestCase" name="GetUserTC" time="1.2"/>
  <testcase classname="api.test.DDTTestCase" name="GetUserTC" time="1.32"/>
  <testcase classname="api.test.DDTTestCase" name="GetUserTC" time="1.223"/>
  <testcase classname="api.test.DDTTestCase" name="GetUserTC" time="1.195"/>
  <testcase classname="api.test.DDTTestCase" name="GetUserTC" time="1.212"/>
  <testcase classname="api.test.DDTTestCase" name="GetUserTC" time="1.218"/>
  <testcase classname="api.test.DDTTestCase" name="GetUserTC" time="1.245"/>
  <testcase classname="api.test.DDTTestCase" name="GetUserTC" time="1.207"/>
  <testcase classname="api.test.DDTTestCase" name="GetUserTC" time="1.219"/>
  <testcase classname="api.test.DDTTestCase" name="GetUserTC" time="1.212"/>
  <testcase classname="api.test.DDTTestCase" name="DeleteUserTC" time="1.19"/>
  <testcase classname="api.test.DDTTestCase" name="DeleteUserTC" time="1.274"/>
  <testcase classname="api.test.DDTTestCase" name="DeleteUserTC" time="1.226"/>
  <testcase classname="api.test.DDTTestCase" name="DeleteUserTC" time="1.221"/>
  <testcase classname="api.test.DDTTestCase" name="DeleteUserTC" time="1.217"/>
  <testcase classname="api.test.DDTTestCase" name="DeleteUserTC" time="1.19"/>
  <testcase classname="api.test.DDTTestCase" name="DeleteUserTC" time="1.194"/>
  <testcase classname="api.test.DDTTestCase" name="DeleteUserTC" time="1.225"/>
  <testcase classname="api.test.DDTTestCase" name="DeleteUserTC" time="1.209"/>
  <testcase classname="api.test.DDTTestCase" name="DeleteUserTC" time="1.186"/>
  <testcase classname="api.test.DDTTestCase" name="DeleteUserTC" time="1.241"/>
  <testcase classname="api.test.DDTTestCase" name="DeleteUserTC" time="1.2"/>
  <testcase classname="api.test.DDTTestCase" name="DeleteUserTC" time="1.214"/>
  <testcase classname="api.test.DDTTestCase" name="DeleteUserTC" time="1.236"/>
  <testcase classname="api.test.DDTTestCase" name="DeleteUserTC" time="1.208"/>
  <testcase classname="api.test.DDTTestCase" name="DeleteUserTC" time="1.234"/>
  <testcase classname="api.test.DDTTestCase" name="DeleteUserTC" time="1.241"/>
  <testcase classname="api.test.DDTTestCase" name="DeleteUserTC" time="1.186"/>
  <testcase classname="api.test.DDTTestCase" name="DeleteUserTC" time="1.235"/>
  <testcase classname="api.test.DDTTestCase" name="DeleteUserTC" time="1.212"/>
</testsuite> <!-- PetAPI -->
