<?xml version="1.0" encoding="UTF-8"?>
<!-- Generated by org.testng.reporters.JUnitXMLReporter -->
<testsuite ignored="0" hostname="IN-G7HFZH3" failures="0" tests="60" name="PetAPI" time="87.667" errors="0" timestamp="2023-10-17T19:13:02 IST">
  <testcase classname="api.test.DDTTestCase" name="CreateUserTC" time="2.643"/>
  <testcase classname="api.test.DDTTestCase" name="CreateUserTC" time="1.251"/>
  <testcase classname="api.test.DDTTestCase" name="CreateUserTC" time="1.34"/>
  <testcase classname="api.test.DDTTestCase" name="CreateUserTC" time="1.402"/>
  <testcase classname="api.test.DDTTestCase" name="CreateUserTC" time="1.308"/>
  <testcase classname="api.test.DDTTestCase" name="CreateUserTC" time="1.338"/>
  <testcase classname="api.test.DDTTestCase" name="CreateUserTC" time="1.244"/>
  <testcase classname="api.test.DDTTestCase" name="CreateUserTC" time="1.286"/>
  <testcase classname="api.test.DDTTestCase" name="CreateUserTC" time="1.461"/>
  <testcase classname="api.test.DDTTestCase" name="CreateUserTC" time="1.415"/>
  <testcase classname="api.test.DDTTestCase" name="CreateUserTC" time="1.362"/>
  <testcase classname="api.test.DDTTestCase" name="CreateUserTC" time="1.374"/>
  <testcase classname="api.test.DDTTestCase" name="CreateUserTC" time="1.275"/>
  <testcase classname="api.test.DDTTestCase" name="CreateUserTC" time="1.454"/>
  <testcase classname="api.test.DDTTestCase" name="CreateUserTC" time="1.379"/>
  <testcase classname="api.test.DDTTestCase" name="CreateUserTC" time="1.39"/>
  <testcase classname="api.test.DDTTestCase" name="CreateUserTC" time="1.339"/>
  <testcase classname="api.test.DDTTestCase" name="CreateUserTC" time="1.442"/>
  <testcase classname="api.test.DDTTestCase" name="CreateUserTC" time="1.252"/>
  <testcase classname="api.test.DDTTestCase" name="CreateUserTC" time="1.277"/>
  <testcase classname="api.test.DDTTestCase" name="GetUserTC" time="1.338"/>
  <testcase classname="api.test.DDTTestCase" name="GetUserTC" time="1.477"/>
  <testcase classname="api.test.DDTTestCase" name="GetUserTC" time="1.339"/>
  <testcase classname="api.test.DDTTestCase" name="GetUserTC" time="1.321"/>
  <testcase classname="api.test.DDTTestCase" name="GetUserTC" time="1.345"/>
  <testcase classname="api.test.DDTTestCase" name="GetUserTC" time="1.376"/>
  <testcase classname="api.test.DDTTestCase" name="GetUserTC" time="1.234"/>
  <testcase classname="api.test.DDTTestCase" name="GetUserTC" time="1.194"/>
  <testcase classname="api.test.DDTTestCase" name="GetUserTC" time="1.267"/>
  <testcase classname="api.test.DDTTestCase" name="GetUserTC" time="1.306"/>
  <testcase classname="api.test.DDTTestCase" name="GetUserTC" time="1.336"/>
  <testcase classname="api.test.DDTTestCase" name="GetUserTC" time="1.453"/>
  <testcase classname="api.test.DDTTestCase" name="GetUserTC" time="1.24"/>
  <testcase classname="api.test.DDTTestCase" name="GetUserTC" time="1.241"/>
  <testcase classname="api.test.DDTTestCase" name="GetUserTC" time="1.251"/>
  <testcase classname="api.test.DDTTestCase" name="GetUserTC" time="2.557"/>
  <testcase classname="api.test.DDTTestCase" name="GetUserTC" time="1.332"/>
  <testcase classname="api.test.DDTTestCase" name="GetUserTC" time="1.396"/>
  <testcase classname="api.test.DDTTestCase" name="GetUserTC" time="1.343"/>
  <testcase classname="api.test.DDTTestCase" name="GetUserTC" time="1.814"/>
  <testcase classname="api.test.DDTTestCase" name="DeleteUserTC" time="1.221"/>
  <testcase classname="api.test.DDTTestCase" name="DeleteUserTC" time="1.242"/>
  <testcase classname="api.test.DDTTestCase" name="DeleteUserTC" time="1.433"/>
  <testcase classname="api.test.DDTTestCase" name="DeleteUserTC" time="1.301"/>
  <testcase classname="api.test.DDTTestCase" name="DeleteUserTC" time="1.563"/>
  <testcase classname="api.test.DDTTestCase" name="DeleteUserTC" time="1.415"/>
  <testcase classname="api.test.DDTTestCase" name="DeleteUserTC" time="1.291"/>
  <testcase classname="api.test.DDTTestCase" name="DeleteUserTC" time="1.357"/>
  <testcase classname="api.test.DDTTestCase" name="DeleteUserTC" time="1.348"/>
  <testcase classname="api.test.DDTTestCase" name="DeleteUserTC" time="1.246"/>
  <testcase classname="api.test.DDTTestCase" name="DeleteUserTC" time="1.338"/>
  <testcase classname="api.test.DDTTestCase" name="DeleteUserTC" time="1.361"/>
  <testcase classname="api.test.DDTTestCase" name="DeleteUserTC" time="1.352"/>
  <testcase classname="api.test.DDTTestCase" name="DeleteUserTC" time="1.472"/>
  <testcase classname="api.test.DDTTestCase" name="DeleteUserTC" time="1.399"/>
  <testcase classname="api.test.DDTTestCase" name="DeleteUserTC" time="1.288"/>
  <testcase classname="api.test.DDTTestCase" name="DeleteUserTC" time="1.243"/>
  <testcase classname="api.test.DDTTestCase" name="DeleteUserTC" time="1.449"/>
  <testcase classname="api.test.DDTTestCase" name="DeleteUserTC" time="1.735"/>
  <testcase classname="api.test.DDTTestCase" name="DeleteUserTC" time="1.354"/>
</testsuite> <!-- PetAPI -->
